#
# A fatal error has been detected by the Java Runtime Environment:
#
#  Internal Error (javaClasses.cpp:126), pid=5772, tid=2384
#  fatal error: Invalid layout of preloaded class
#
# JRE version:  (8.0_20-b26) (build )
# Java VM: Java HotSpot(TM) Client VM (25.20-b23 mixed mode windows-x86 )
# Failed to write core dump. Minidumps are not enabled by default on client versions of Windows
#
# If you would like to submit a bug report, please visit:
#   http://bugreport.sun.com/bugreport/crash.jsp
#

---------------  T H R E A D  ---------------

Current thread (0x0123c400):  JavaThread "Unknown thread" [_thread_in_vm, id=2384, stack(0x013c0000,0x01410000)]

Stack: [0x013c0000,0x01410000],  sp=0x0140f34c,  free space=316k
Native frames: (J=compiled Java code, j=interpreted, Vv=VM code, C=native code)
V  [jvm.dll+0x196ccb]
V  [jvm.dll+0x18fc56]
V  [jvm.dll+0x3b52a]
V  [jvm.dll+0x3b6e0]
V  [jvm.dll+0x4a2a3]
V  [jvm.dll+0x9d44e]
V  [jvm.dll+0x9d712]
V  [jvm.dll+0x144f11]
V  [jvm.dll+0x168e48]
V  [jvm.dll+0xda6d1]
C  [javaw.exe+0x13e4]
C  [javaw.exe+0x1eb7]
C  [javaw.exe+0xaba1]
C  [javaw.exe+0xac2b]
C  [kernel32.dll+0x4ee1c]
C  [ntdll.dll+0x637eb]
C  [ntdll.dll+0x637be]
C  0x00000000


---------------  P R O C E S S  ---------------

Java Threads: ( => current thread )

Other Threads:

=>0x0123c400 (exited) JavaThread "Unknown thread" [_thread_in_vm, id=2384, stack(0x013c0000,0x01410000)]

VM state:not at safepoint (not fully initialized)

VM Mutex/Monitor currently owned by a thread: None

GC Heap History (0 events):
No events

Deoptimization events (0 events):
No events

Internal exceptions (0 events):
No events

Events (10 events):
Event: 0.012 loading class java/lang/CharSequence done
Event: 0.012 loading class java/lang/String done
Event: 0.012 loading class java/lang/Class
Event: 0.012 loading class java/lang/reflect/AnnotatedElement
Event: 0.012 loading class java/lang/reflect/AnnotatedElement done
Event: 0.013 loading class java/lang/reflect/GenericDeclaration
Event: 0.013 loading class java/lang/reflect/GenericDeclaration done
Event: 0.013 loading class java/lang/reflect/Type
Event: 0.013 loading class java/lang/reflect/Type done
Event: 0.013 loading class java/lang/Class done


Dynamic libraries:
0x01090000 - 0x010c0000 	C:\Program Files\Java\jre1.8.0_20\bin\javaw.exe
0x77a80000 - 0x77bbc000 	C:\Windows\SYSTEM32\ntdll.dll
0x77150000 - 0x77224000 	C:\Windows\system32\kernel32.dll
0x75cd0000 - 0x75d1b000 	C:\Windows\system32\KERNELBASE.dll
0x77450000 - 0x774f0000 	C:\Windows\system32\ADVAPI32.dll
0x77be0000 - 0x77c8c000 	C:\Windows\system32\msvcrt.dll
0x77bc0000 - 0x77bd9000 	C:\Windows\SYSTEM32\sechost.dll
0x76e30000 - 0x76ed2000 	C:\Windows\system32\RPCRT4.dll
0x76d60000 - 0x76e29000 	C:\Windows\system32\USER32.dll
0x77010000 - 0x7705e000 	C:\Windows\system32\GDI32.dll
0x77000000 - 0x7700a000 	C:\Windows\system32\LPK.dll
0x76aa0000 - 0x76b3d000 	C:\Windows\system32\USP10.dll
0x749c0000 - 0x74b5e000 	C:\Windows\WinSxS\x86_microsoft.windows.common-controls_6595b64144ccf1df_6.0.7601.17514_none_41e6975e2bd6f2b2\COMCTL32.dll
0x75df0000 - 0x75e47000 	C:\Windows\system32\SHLWAPI.dll
0x77130000 - 0x7714f000 	C:\Windows\system32\IMM32.DLL
0x774f0000 - 0x775bc000 	C:\Windows\system32\MSCTF.dll
0x784d0000 - 0x7858f000 	C:\Program Files\Java\jre1.8.0_20\bin\msvcr100.dll
0x5b5c0000 - 0x5b962000 	C:\Program Files\Java\jre1.8.0_20\bin\client\jvm.dll
0x61520000 - 0x61527000 	C:\Windows\system32\WSOCK32.dll
0x770e0000 - 0x77115000 	C:\Windows\system32\WS2_32.dll
0x77120000 - 0x77126000 	C:\Windows\system32\NSI.dll
0x70530000 - 0x70562000 	C:\Windows\system32\WINMM.dll
0x77ca0000 - 0x77ca5000 	C:\Windows\system32\PSAPI.DLL
0x73850000 - 0x7385c000 	C:\Program Files\Java\jre1.8.0_20\bin\verify.dll
0x72cb0000 - 0x72cd1000 	C:\Program Files\Java\jre1.8.0_20\bin\java.dll
0x6d190000 - 0x6d1b9000 	C:\Program Files\Java\jre1.8.0_20\bin\jdwp.dll
0x6e0b0000 - 0x6e0b7000 	C:\Program Files\Java\jre1.8.0_20\bin\npt.dll
0x72c90000 - 0x72ca3000 	C:\Program Files\Java\jre1.8.0_20\bin\zip.dll
0x51d70000 - 0x51e5b000 	C:\Windows\system32\dbghelp.dll

VM Arguments:
jvm_args: -agentlib:jdwp=transport=dt_socket,suspend=y,address=localhost:10400 -Dfile.encoding=Cp1251 -Xbootclasspath:D:\eclipse1\sdk\platforms\android-20\android.jar 
java_command: ua.kture.pi13.demo.parser.StationParser
java_class_path (initial): C:\Users\кть \git\Trains\ElectroTrain\libs\com.genymobile.genymotion.lib_1.0.3.201403261147.jar;C:\Users\кть \git\Trains\ElectroTrain\libs\sqljdbc4.jar;C:\Users\кть \git\Trains\ElectroTrain\libs\android-support-v4.jar;C:\Users\кть \git\Trains\appcompat_v7\libs\android-support-v7-appcompat.jar;C:\Users\кть \git\Trains\ElectroTrain\libs\jsoup-1.7.3.jar;C:\Users\кть \git\Trains\appcompat_v7\bin\android-support-v7-appcompat.jar;C:\Users\кть \git\Trains\ElectroTrain\bin\classes;C:\Users\кть \git\Trains\appcompat_v7\libs\android-support-v4.jar
Launcher Type: SUN_STANDARD

Environment Variables:
PATH=C:/Program Files/Java/jre1.8.0_20/bin/client;C:/Program Files/Java/jre1.8.0_20/bin;C:/Program Files/Java/jre1.8.0_20/lib/i386;C:\ProgramData\Oracle\Java\javapath;C:\Program Files\Cuminas\Document Express DjVu Plug-in\;C:\Windows\system32;C:\Windows;C:\Windows\System32\Wbem;C:\Windows\System32\WindowsPowerShell\v1.0\;C:\Program Files\ATI Technologies\ATI.ACE\Core-Static;C:\Program Files\Microsoft SQL Server\110\Tools\Binn\;C:\Program Files\Windows Kits\8.1\Windows Performance Toolkit\;C:\Program Files\Microsoft SQL Server\100\Tools\Binn\VSShell\Common7\IDE\;C:\Program Files\Microsoft SQL Server\100\Tools\Binn\;C:\Program Files\Microsoft SQL Server\100\DTS\Binn\;C:\Program Files\Microsoft SQL Server\110\DTS\Binn\;D:\eclipse1\eclipse;
USERNAME=кть 
OS=Windows_NT
PROCESSOR_IDENTIFIER=x86 Family 6 Model 37 Stepping 5, GenuineIntel



---------------  S Y S T E M  ---------------

OS: Windows 7 Build 7601 Service Pack 1

CPU:total 2 (2 cores per cpu, 1 threads per core) family 6 model 37 stepping 5, cmov, cx8, fxsr, mmx, sse, sse2, sse3, ssse3, popcnt, tsc, tscinvbit

Memory: 4k page, physical 3057840k(769260k free), swap 6113928k(2692228k free)

vm_info: Java HotSpot(TM) Client VM (25.20-b23) for windows-x86 JRE (1.8.0_20-b26), built on Jul 30 2014 18:14:41 by "java_re" with MS VC++ 10.0 (VS2010)

time: Wed Oct 22 12:42:12 2014
elapsed time: 0 seconds (0d 0h 0m 0s)

